<?xml version="1.0" encoding="UTF-8"?>
<!-- Generated by org.testng.reporters.JUnitReportReporter -->
<testsuite hostname="DESKTOP-PN8BVIB" failures="0" tests="3" name="pkg_SeleniumPractice.TestNGAnnotation1" time="0.031" errors="0" timestamp="2022-08-21T18:04:09 IST" skipped="0">
  <testcase classname="pkg_SeleniumPractice.TestNGAnnotation1" name="TC_01" time="0.023"/>
  <system-out/>
  <testcase classname="pkg_SeleniumPractice.TestNGAnnotation1" name="TC_03" time="0.003"/>
  <system-out/>
  <testcase classname="pkg_SeleniumPractice.TestNGAnnotation1" name="TC_02" time="0.005"/>
  <system-out/>
</testsuite> <!-- pkg_SeleniumPractice.TestNGAnnotation1 -->
