<?xml version="1.0" encoding="UTF-8"?>
<!-- Generated by org.testng.reporters.JUnitReportReporter -->
<testsuite hostname="DESKTOP-PN8BVIB" failures="0" tests="3" name="pkg_SeleniumPractice.TestNGAnnotation2" time="0.020" errors="0" timestamp="2022-08-21T18:16:14 IST" skipped="0">
  <testcase classname="pkg_SeleniumPractice.TestNGAnnotation2" name="TC_01" time="0.015"/>
  <system-out/>
  <testcase classname="pkg_SeleniumPractice.TestNGAnnotation2" name="TC_02" time="0.003"/>
  <system-out/>
  <testcase classname="pkg_SeleniumPractice.TestNGAnnotation2" name="TC_03" time="0.002"/>
  <system-out/>
</testsuite> <!-- pkg_SeleniumPractice.TestNGAnnotation2 -->
